TN:
SF:script/Counter.s.sol
FN:7,CounterScript.setUp
FNDA:0,CounterScript.setUp
FN:9,CounterScript.run
FNDA:0,CounterScript.run
DA:10,0
FNF:2
FNH:0
LF:1
LH:0
BRF:0
BRH:0
end_of_record
TN:
SF:src/Enumerate-NFT.sol
FN:24,SimpleNFTEnumerate.enumeratePrimeNumberTokensForOwner
FNDA:0,SimpleNFTEnumerate.enumeratePrimeNumberTokensForOwner
DA:25,0
DA:26,0
DA:27,0
DA:28,0
DA:30,0
DA:32,0
BRDA:32,0,0,-
BRDA:32,0,1,-
DA:33,0
DA:36,0
BRDA:36,1,0,-
BRDA:36,1,1,-
DA:37,0
DA:38,0
DA:40,0
BRDA:40,2,0,-
BRDA:40,2,1,-
DA:42,0
DA:46,0
DA:47,0
DA:48,0
BRDA:48,3,0,-
BRDA:48,3,1,-
DA:49,0
DA:50,0
DA:53,0
BRDA:53,4,0,-
BRDA:53,4,1,-
DA:54,0
DA:56,0
DA:59,0
FNF:1
FNH:0
LF:21
LH:0
BRF:10
BRH:0
end_of_record
TN:
SF:src/Ex3-NFT-Collection.sol
FN:27,SimpleNFTCollection.mint
FNDA:0,SimpleNFTCollection.mint
DA:28,46
BRDA:28,0,0,2
BRDA:28,0,1,44
DA:29,44
DA:31,44
BRDA:31,1,0,-
BRDA:31,1,1,44
DA:34,44
DA:37,44
DA:38,44
FN:45,SimpleNFTCollection.selfMint
FNDA:46,SimpleNFTCollection.selfMint
DA:46,46
FN:52,SimpleNFTCollection._baseURI
FNDA:1,SimpleNFTCollection._baseURI
DA:53,1
FN:56,SimpleNFTCollection.withdrawEther
FNDA:1,SimpleNFTCollection.withdrawEther
DA:57,1
FNF:4
FNH:3
LF:9
LH:9
BRF:4
BRH:3
end_of_record
TN:
SF:test/Ex3-NFT-Collection.t.sol
FN:19,BaseSetup.setUp
FNDA:0,BaseSetup.setUp
DA:21,0
DA:22,0
DA:24,0
DA:25,0
DA:27,0
DA:28,0
DA:30,0
DA:31,0
DA:35,0
DA:36,0
DA:37,0
FNF:1
FNH:0
LF:11
LH:0
BRF:0
BRH:0
end_of_record
