TN:
SF:src/Game-ERC20-Token.sol
FN:27,ZGameToken.burn
FNDA:2,ZGameToken.burn
DA:28,2
BRDA:28,0,0,1
BRDA:28,0,1,1
DA:29,1
FN:35,ZGameToken.mint
FNDA:9,ZGameToken.mint
DA:36,9
BRDA:36,1,0,2
BRDA:36,1,1,7
DA:37,7
FNF:2
FNH:2
LF:4
LH:4
BRF:4
BRH:4
end_of_record
TN:
SF:src/Game-NFT-Collection.sol
FN:28,ZGameNFTCollection.mint
FNDA:0,ZGameNFTCollection.mint
DA:29,109
BRDA:29,0,0,1
BRDA:29,0,1,108
DA:30,108
DA:32,108
BRDA:32,1,0,1
BRDA:32,1,1,107
DA:35,107
DA:38,107
DA:39,107
FN:46,ZGameNFTCollection.selfMint
FNDA:109,ZGameNFTCollection.selfMint
DA:47,109
FN:53,ZGameNFTCollection._baseURI
FNDA:1,ZGameNFTCollection._baseURI
DA:54,1
FN:57,ZGameNFTCollection.withdrawEther
FNDA:2,ZGameNFTCollection.withdrawEther
DA:58,1
FNF:4
FNH:3
LF:9
LH:9
BRF:4
BRH:4
end_of_record
TN:
SF:src/Game-Staking-Rewards.sol
FN:32,ZGameStaking.calculateRewards
FNDA:1,ZGameStaking.calculateRewards
DA:33,6
DA:34,6
DA:35,6
FN:42,ZGameStaking.depositNFT
FNDA:1,ZGameStaking.depositNFT
DA:43,1
DA:45,1
FN:52,ZGameStaking.getRewards
FNDA:2,ZGameStaking.getRewards
DA:53,2
DA:54,2
BRDA:54,0,0,1
BRDA:54,0,1,1
DA:55,1
DA:56,1
DA:57,1
DA:58,1
FN:65,ZGameStaking.withdrawNFT
FNDA:5,ZGameStaking.withdrawNFT
DA:66,5
DA:67,5
BRDA:67,1,0,1
BRDA:67,1,1,4
DA:68,4
DA:69,4
DA:70,4
FN:81,ZGameStaking.onERC721Received
FNDA:4,ZGameStaking.onERC721Received
DA:82,4
BRDA:82,2,0,1
BRDA:82,2,1,3
DA:83,3
DA:84,3
FN:91,ZGameStaking.setGameTokenContract
FNDA:1,ZGameStaking.setGameTokenContract
DA:92,1
FNF:6
FNH:6
LF:20
LH:20
BRF:6
BRH:6
end_of_record
TN:
SF:test/Staking-Rewards-NFT.t.sol
FN:28,BaseSetup.setUp
FNDA:0,BaseSetup.setUp
DA:30,0
DA:31,0
DA:33,0
DA:34,0
DA:36,0
DA:37,0
DA:39,0
DA:40,0
DA:42,0
DA:44,0
DA:45,0
DA:47,0
DA:49,0
DA:51,0
DA:52,0
FNF:1
FNH:0
LF:15
LH:0
BRF:0
BRH:0
end_of_record
