TN:
SF:script/Counter.s.sol
FN:7,CounterScript.setUp
FNDA:0,CounterScript.setUp
FN:9,CounterScript.run
FNDA:0,CounterScript.run
DA:10,0
FNF:2
FNH:0
LF:1
LH:0
BRF:0
BRH:0
end_of_record
TN:
SF:src/Game-ERC20-Token.sol
FN:27,ZGameToken.burn
FNDA:0,ZGameToken.burn
DA:28,0
BRDA:28,0,0,-
BRDA:28,0,1,-
DA:29,0
FN:35,ZGameToken.mint
FNDA:5,ZGameToken.mint
DA:36,5
BRDA:36,1,0,-
BRDA:36,1,1,5
DA:37,5
FNF:2
FNH:1
LF:4
LH:2
BRF:4
BRH:1
end_of_record
TN:
SF:src/Game-NFT-Collection.sol
FN:28,ZGameNFTCollection.mint
FNDA:0,ZGameNFTCollection.mint
DA:29,4
BRDA:29,0,0,-
BRDA:29,0,1,4
DA:30,4
DA:32,4
BRDA:32,1,0,-
BRDA:32,1,1,4
DA:35,4
DA:38,4
DA:39,4
FN:46,ZGameNFTCollection.selfMint
FNDA:4,ZGameNFTCollection.selfMint
DA:47,4
FN:53,ZGameNFTCollection._baseURI
FNDA:0,ZGameNFTCollection._baseURI
DA:54,0
FN:57,ZGameNFTCollection.withdrawEther
FNDA:0,ZGameNFTCollection.withdrawEther
DA:58,0
FNF:4
FNH:1
LF:9
LH:7
BRF:4
BRH:2
end_of_record
TN:
SF:src/Game-Staking-Rewards.sol
FN:32,ZGameStaking.calculateRewards
FNDA:1,ZGameStaking.calculateRewards
DA:33,6
DA:34,6
DA:35,6
FN:42,ZGameStaking.depositNFT
FNDA:1,ZGameStaking.depositNFT
DA:43,1
DA:45,1
FN:52,ZGameStaking.getRewards
FNDA:1,ZGameStaking.getRewards
DA:53,1
DA:54,1
BRDA:54,0,0,-
BRDA:54,0,1,1
DA:55,1
DA:56,1
DA:57,1
DA:58,1
FN:65,ZGameStaking.withdrawNFT
FNDA:4,ZGameStaking.withdrawNFT
DA:66,4
DA:67,4
BRDA:67,1,0,-
BRDA:67,1,1,4
DA:68,4
DA:69,4
DA:70,4
FN:81,ZGameStaking.onERC721Received
FNDA:3,ZGameStaking.onERC721Received
DA:82,3
BRDA:82,2,0,-
BRDA:82,2,1,3
DA:83,3
DA:84,3
FN:91,ZGameStaking.setGameTokenContract
FNDA:0,ZGameStaking.setGameTokenContract
DA:92,0
FNF:6
FNH:5
LF:20
LH:19
BRF:6
BRH:3
end_of_record
TN:
SF:test/Staking-Rewards-NFT.t.sol
FN:27,BaseSetup.setUp
FNDA:0,BaseSetup.setUp
DA:29,0
DA:30,0
DA:32,0
DA:33,0
DA:35,0
DA:36,0
DA:38,0
DA:39,0
DA:41,0
DA:43,0
DA:45,0
DA:47,0
DA:49,0
DA:50,0
FNF:1
FNH:0
LF:14
LH:0
BRF:0
BRH:0
end_of_record
